<?xml version="1.0" encoding="UTF-8"?>
<testng-results skipped="0" failed="0" ignored="0" total="1" passed="1">
  <reporter-output>
  </reporter-output>
  <suite name="Default suite" duration-ms="102" started-at="2020-08-13T03:19:21 GMT" finished-at="2020-08-13T03:19:21 GMT">
    <groups>
    </groups>
    <test name="Default test" duration-ms="102" started-at="2020-08-13T03:19:21 GMT" finished-at="2020-08-13T03:19:21 GMT">
      <class name="guru99BankWebApp.NegativeTestScenarioUserLogin">
        <test-method status="PASS" signature="Demo()[pri:0, instance:guru99BankWebApp.NegativeTestScenarioUserLogin@3e9b1010]" name="Demo" duration-ms="12" started-at="2020-08-13T03:19:21 GMT" finished-at="2020-08-13T03:19:21 GMT">
          <reporter-output>
          </reporter-output>
        </test-method> <!-- Demo -->
      </class> <!-- guru99BankWebApp.NegativeTestScenarioUserLogin -->
    </test> <!-- Default test -->
  </suite> <!-- Default suite -->
</testng-results>
